{
  "stats": {
    "suites": 1,
    "tests": 1,
    "passes": 0,
    "pending": 0,
    "failures": 1,
    "start": "2023-05-09T02:24:02.651Z",
    "end": "2023-05-09T02:24:22.576Z",
    "duration": 19925,
    "testsRegistered": 1,
    "passPercent": 0,
    "pendingPercent": 0,
    "other": 0,
    "hasOther": false,
    "skipped": 0,
    "hasSkipped": false
  },
  "results": [
    {
      "uuid": "f9dab10c-a65b-4390-9597-f4c14d53c497",
      "title": "",
      "fullFile": "cypress\\scenarios\\01-add-new-employee\\saveEmployee.cy.js",
      "file": "cypress\\scenarios\\01-add-new-employee\\saveEmployee.cy.js",
      "beforeHooks": [],
      "afterHooks": [],
      "tests": [],
      "suites": [
        {
          "uuid": "1101f459-b511-4421-809a-731000de090c",
          "title": "add and update new employee",
          "fullFile": "",
          "file": "",
          "beforeHooks": [],
          "afterHooks": [],
          "tests": [
            {
              "title": "go to form and add employee",
              "fullTitle": "add and update new employee go to form and add employee",
              "timedOut": null,
              "duration": 17963,
              "state": "failed",
              "speed": null,
              "pass": false,
              "fail": true,
              "pending": false,
              "context": null,
              "code": "// Dashboard has loaded on login\ncy.url().should('contain', '/dashboard/index');\n// Nav to PIM\\Employee List\n// Sidepanel has loaded\ncy.xpath('//div[@class=\"oxd-sidepanel-body\"]/descendant::ul').should('be.visible');\n// PIM link has loaded\ncy.xpath('//div[@class=\"oxd-sidepanel-body\"]/descendant::a/child::span[text()=\"PIM\"]').should('be.visible');\n// XHR issues when dashboard cards still loading\n// Need to delay for 2 seconds until dashboard items finish loading\ncy.wait(2000);\ncy.visit('http://localhost/apps/orangehrm/web/index.php/pim/viewPimModule');\ncy.url().should('contain', '/pim/viewEmployeeList');\ncy.xpath('//h5[text()=\"Employee Information\"]').should('be.visible');\ncy.wait(2000);\ncy.xpath('//button[@type=\"button\"]/descendant::i[@class=\"oxd-icon bi-plus oxd-button-icon\"]').should('exist').scrollIntoView().click();\n// Add Employee form has loaded\ncy.xpath('//h6[text()=\"Add Employee\"]').should('contain', 'Add Employee');\n// Fields are visible and enabled\ncy.get('[name=\"firstName\"]').should('be.visible').type('Alexandrus');\ncy.get('[name=\"lastName\"]').should('be.visible').type('Maximus');\n// Employee ID leave blank                           \ncy.xpath('//label[text()=\"Employee Id\"]/parent::div/following-sibling::div/descendant::input').should('be.visible').clear();\n// Enable the toggle to display the user form\ncy.xpath('//p[text()=\"Create Login Details\"]/following-sibling::div').should('exist').click();\n// username\ncy.xpath('//label[text()=\"Username\"]/parent::div/following-sibling::div/descendant::input').should('be.visible').should('be.empty').type('alexandrus.maximus');\n// password\ncy.xpath('//label[text()=\"Password\"]/parent::div/following-sibling::div/descendant::input').should('be.visible').should('be.empty').type('A13x#4321!');\n// confirm\ncy.xpath('//label[text()=\"Confirm Password\"]/parent::div/following-sibling::div/descendant::input').should('be.visible').should('be.empty').type('A13x#4321!');\n// enable user account\ncy.xpath('//input[@type=\"radio\"][@value=\"1\"]').should('exist').check().should('be.checked');\n// save\ncy.xpath('//button[@type=\"submit\"]').should('be.visible').should('contain', 'Save').click();\ncy.wait(3000);\n// will be redirected to profile details screen\ncy.url().should('contain', 'viewPersonalDetails');\n// Details are visible\ncy.get('[name=\"firstName\"]').should('be.visible').should('have.value', 'Alexandrus');\ncy.get('[name=\"lastName\"]').should('be.visible').should('have.value', 'Maximus');\n// Open the datepicker\ncy.xpath('//label[contains(text(),\"Birth\")]/parent::div/following-sibling::div/descendant::input').should('be.visible').click();\n// Set birthdate\ncy.xpath('//label[contains(text(),\"Birth\")]/parent::div/following-sibling::div/descendant::input').should('be.visible').type('1982-09-24');\n// Set nationality to American\n// Click on the custom dropdown\ncy.xpath('//label[contains(text(),\"Nationality\")]/parent::div/following-sibling::div/descendant::div[contains(text(),\"Select\")]').should('be.visible').click();\n// Access the open list, click on American\ncy.get('[role=listbox] [role=option]').contains('American').should('be.visible').click();\n// Set gender to Male\ncy.xpath('//input[@type=\"radio\"][@value=\"1\"]').should('exist').click({\n  force: true\n});\n// save\ncy.xpath('//button[@type=\"submit\"]').should('be.visible').should('contain', 'Save').click();\ncy.wait(2000);",
              "err": {
                "message": "AssertionError: Timed out retrying after 4000ms: expected 'http://localhost/apps/orangehrm/web/index.php/pim/addEmployee' to include 'viewPersonalDetails'",
                "estack": "AssertionError: Timed out retrying after 4000ms: expected 'http://localhost/apps/orangehrm/web/index.php/pim/addEmployee' to include 'viewPersonalDetails'\n    at Context.eval (webpack:///./cypress/scenarios/01-add-new-employee/saveEmployee.cy.js:106:17)",
                "diff": null
              },
              "uuid": "18e04c48-f3c7-485c-87e5-5d65b082a0fb",
              "parentUUID": "1101f459-b511-4421-809a-731000de090c",
              "isHook": false,
              "skipped": false
            }
          ],
          "suites": [],
          "passes": [],
          "failures": [
            "18e04c48-f3c7-485c-87e5-5d65b082a0fb"
          ],
          "pending": [],
          "skipped": [],
          "duration": 17963,
          "root": false,
          "rootEmpty": false,
          "_timeout": 2000
        }
      ],
      "passes": [],
      "failures": [],
      "pending": [],
      "skipped": [],
      "duration": 0,
      "root": true,
      "rootEmpty": true,
      "_timeout": 2000
    }
  ],
  "meta": {
    "mocha": {
      "version": "7.0.1"
    },
    "mochawesome": {
      "options": {
        "quiet": false,
        "reportFilename": "mochaTestRun",
        "saveHtml": true,
        "saveJson": true,
        "consoleReporter": "spec",
        "useInlineDiffs": false,
        "code": true
      },
      "version": "7.1.3"
    },
    "marge": {
      "options": {
        "reportDir": "cypress/reports",
        "reportFilename": "mochaTestRun",
        "charts": true,
        "reportPageTitle": "Mocha Test Suite",
        "html": true,
        "embeddedScreenshots": true,
        "inlineAssets": true
      },
      "version": "6.2.0"
    }
  }
}